<?xml version="1.0" encoding="UTF-8"?>
<testsuite name="Test" tests="1" skipped="0" failures="0" errors="0" timestamp="2021-04-03T12:32:16" hostname="JIM" time="2.931">
  <properties/>
  <testcase name="testAll" classname="Test" time="2.931"/>
  <system-out><![CDATA[]]></system-out>
  <system-err><![CDATA[SLF4J: Failed to load class "org.slf4j.impl.StaticLoggerBinder".
SLF4J: Defaulting to no-operation (NOP) logger implementation
SLF4J: See http://www.slf4j.org/codes.html#StaticLoggerBinder for further details.
Starting ChromeDriver 89.0.4389.23 (61b08ee2c50024bab004e48d2b1b083cdbdac579-refs/branch-heads/4389@{#294}) on port 41398
Only local connections are allowed.
Please see https://chromedriver.chromium.org/security-considerations for suggestions on keeping ChromeDriver safe.
ChromeDriver was started successfully.
kwi 03, 2021 2:32:16 PM org.openqa.selenium.remote.ProtocolHandshake createSession
INFO: Detected dialect: W3C
kwi 03, 2021 2:32:16 PM org.openqa.selenium.devtools.CdpVersionFinder findNearestMatch
INFO: Found exact CDP implementation for version 89
kwi 03, 2021 2:32:16 PM org.openqa.selenium.remote.RemoteWebDriver log
OFF: Executing: get [e4f33feeac354e7d5cd72eda27167d93, get {url=http://www.google.com}]
kwi 03, 2021 2:32:19 PM org.openqa.selenium.remote.RemoteWebDriver log
OFF: Executed: (Response: SessionID: e4f33feeac354e7d5cd72eda27167d93, Status: 0, Value: null)
kwi 03, 2021 2:32:19 PM org.openqa.selenium.remote.RemoteWebDriver log
OFF: Executing: findElement [e4f33feeac354e7d5cd72eda27167d93, findElement {using=css selector, value=button}]
kwi 03, 2021 2:32:19 PM org.openqa.selenium.remote.RemoteWebDriver log
OFF: Executed: (Response: SessionID: e4f33feeac354e7d5cd72eda27167d93, Status: 0, Value: {element-6066-11e4-a52e-4f735466cecf=e34e0d01-2b42-473f-844a-465e4965d49a})
kwi 03, 2021 2:32:19 PM org.openqa.selenium.remote.RemoteWebDriver log
OFF: Executing: executeScript [e4f33feeac354e7d5cd72eda27167d93, executeScript {script=arguments[0].blur(), args=[{ELEMENT=e34e0d01-2b42-473f-844a-465e4965d49a, element-6066-11e4-a52e-4f735466cecf=e34e0d01-2b42-473f-844a-465e4965d49a}]}]
kwi 03, 2021 2:32:19 PM org.openqa.selenium.remote.RemoteWebDriver log
OFF: Executed: (Response: SessionID: e4f33feeac354e7d5cd72eda27167d93, Status: 0, Value: null)
kwi 03, 2021 2:32:19 PM org.openqa.selenium.remote.RemoteWebDriver log
OFF: Executing: close [e4f33feeac354e7d5cd72eda27167d93, close {}]
kwi 03, 2021 2:32:19 PM org.openqa.selenium.remote.RemoteWebDriver log
OFF: Executed: (Response: SessionID: e4f33feeac354e7d5cd72eda27167d93, Status: 0, Value: [])
kwi 03, 2021 2:32:19 PM org.openqa.selenium.remote.RemoteWebDriver log
OFF: Executing: quit [e4f33feeac354e7d5cd72eda27167d93, quit {}]
kwi 03, 2021 2:32:20 PM org.openqa.selenium.remote.RemoteWebDriver log
OFF: Executed: (Response: SessionID: e4f33feeac354e7d5cd72eda27167d93, Status: 0, Value: null)
]]></system-err>
</testsuite>
